-------------------------------------------------------------------------------
Test set: As a user I should be able to request a demo
-------------------------------------------------------------------------------
Tests run: 3, Failures: 1, Errors: 0, Skipped: 0, Time elapsed: 58.238 s <<< FAILURE! - in As a user I should be able to request a demo
As a user I should be able to request a demo.User should see "Thank you for requesting a demo! We’ll be in touch with you shortly to schedule it."  Time elapsed: 19.075 s  <<< FAILURE!
org.junit.ComparisonFailure: expected:<Th[ank you for requesting a demo! We’ll be in touch with you shortly to schedule it].> but was:<Th[ere was a problem with your submission. Errors have been highlighted below].>

