<?xml version="1.0" encoding="UTF-8"?>
<testsuite xmlns:xsi="http://www.w3.org/2001/XMLSchema-instance" xsi:noNamespaceSchemaLocation="https://maven.apache.org/surefire/maven-surefire-plugin/xsd/surefire-test-report-3.0.xsd" version="3.0" name="As a user I should be able to request a demo" time="33.577" tests="3" errors="0" skipped="0" failures="1">
  <properties>
[...]
</properties>
  <testcase name="Robot user should not be able to submit demo request" classname="As a user I should be able to request a demo" time="11.621"/>
  <testcase name="User should see &quot;There was a problem with your submission. Errors have been highlighted below.&quot;" classname="As a user I should be able to request a demo" time="10.96"/>
  <testcase name="User should see &quot;Thank you for requesting a demo! We’ll be in touch with you shortly to schedule it.&quot;" classname="As a user I should be able to request a demo" time="10.996">
    <failure message="expected:&lt;Th[ank you for requesting a demo! We’ll be in touch with you shortly to schedule it].&gt; but was:&lt;Th[ere was a problem with your submission. Errors have been highlighted below].&gt;" type="org.junit.ComparisonFailure"><![CDATA[org.junit.ComparisonFailure: expected:<Th[ank you for requesting a demo! We’ll be in touch with you shortly to schedule it].> but was:<Th[ere was a problem with your submission. Errors have been highlighted below].>
]]></failure>
    <system-out><![CDATA[::: Starting Automation:::
:::(^_^) End of test execution (*_*):::
]]></system-out>
    <system-err><![CDATA[Starting ChromeDriver 87.0.4280.88 (89e2380a3e36c3464b5dd1302349b1382549290d-refs/branch-heads/4280@{#1761}) on port 38442
Only local connections are allowed.
Please see https://chromedriver.chromium.org/security-considerations for suggestions on keeping ChromeDriver safe.
ChromeDriver was started successfully.
Jan 24, 2021 1:40:45 AM org.openqa.selenium.remote.ProtocolHandshake createSession
INFO: Detected dialect: W3C
]]></system-err>
  </testcase>
</testsuite>